{"C:\\Users\\Atim\\Desktop\\microverse projects\\second-capstone\\src\\modules\\commentsCounter.js": {"path":"C:\\Users\\Atim\\Desktop\\microverse projects\\second-capstone\\src\\modules\\commentsCounter.js","statementMap":{"0":{"start":{"line":1,"column":25},"end":{"line":4,"column":1}},"1":{"start":{"line":2,"column":18},"end":{"line":2,"column":29}},"2":{"start":{"line":3,"column":2},"end":{"line":3,"column":17}}},"fnMap":{"0":{"name":"(anonymous_0)","decl":{"start":{"line":1,"column":25},"end":{"line":1,"column":26}},"loc":{"start":{"line":1,"column":35},"end":{"line":4,"column":1}},"line":1}},"branchMap":{},"s":{"0":1,"1":1,"2":1},"f":{"0":1},"b":{},"_coverageSchema":"1a1c01bbd47fc00a2c39e90264f33305004495a9","hash":"ef5fcdf6cf249d8e2494f331a19735aee3980f4c"}
}
